Build started 12/1/2015 11:51:37 AM.
     1>Project "F:\SourceCode\Kinect2\Depth2Ply\Depth2Ply.vcxproj" on node 9 (Build target(s)).
     1>ClCompile:
         C:\Program Files (x86)\Microsoft Visual Studio 12.0\VC\bin\x86_amd64\CL.exe /c /Zi /nologo /W3 /WX- /sdl /O2 /Oi /GL /D _MBCS /Gm- /EHsc /MD /GS /Gy /Zc:wchar_t /Zc:forScope /Fo"x64\Release\\" /Fd"x64\Release\vc120.pdb" /Gd /TP /errorReport:prompt Depth2Ply.cpp
         Depth2Ply.cpp
     1>Depth2Ply.cpp(6): fatal error C1083: Cannot open include file: 'opencv2/imgproc.hpp': No such file or directory
     1>Done Building Project "F:\SourceCode\Kinect2\Depth2Ply\Depth2Ply.vcxproj" (Build target(s)) -- FAILED.

Build FAILED.

Time Elapsed 00:00:00.36
